{"/Users/lihongji/study/babel-ast/src/findUndefinedVarible.js": {"path":"/Users/lihongji/study/babel-ast/src/findUndefinedVarible.js","statementMap":{"0":{"start":{"line":1,"column":44},"end":{"line":1,"column":63}},"1":{"start":{"line":2,"column":14},"end":{"line":2,"column":38}},"2":{"start":{"line":3,"column":17},"end":{"line":3,"column":51}},"3":{"start":{"line":5,"column":12},"end":{"line":5,"column":15}},"4":{"start":{"line":6,"column":15},"end":{"line":6,"column":23}},"5":{"start":{"line":7,"column":24},"end":{"line":7,"column":44}},"6":{"start":{"line":8,"column":28},"end":{"line":8,"column":36}},"7":{"start":{"line":9,"column":23},"end":{"line":14,"column":1}},"8":{"start":{"line":15,"column":21},"end":{"line":15,"column":53}},"9":{"start":{"line":18,"column":19},"end":{"line":37,"column":1}},"10":{"start":{"line":39,"column":19},"end":{"line":43,"column":1}},"11":{"start":{"line":45,"column":34},"end":{"line":45,"column":58}},"12":{"start":{"line":47,"column":13},"end":{"line":47,"column":93}},"13":{"start":{"line":47,"column":24},"end":{"line":47,"column":93}},"14":{"start":{"line":47,"column":53},"end":{"line":47,"column":88}},"15":{"start":{"line":49,"column":24},"end":{"line":72,"column":1}},"16":{"start":{"line":50,"column":16},"end":{"line":50,"column":18}},"17":{"start":{"line":51,"column":2},"end":{"line":69,"column":3}},"18":{"start":{"line":52,"column":4},"end":{"line":52,"column":13}},"19":{"start":{"line":53,"column":9},"end":{"line":69,"column":3}},"20":{"start":{"line":54,"column":4},"end":{"line":54,"column":19}},"21":{"start":{"line":55,"column":9},"end":{"line":69,"column":3}},"22":{"start":{"line":56,"column":4},"end":{"line":56,"column":35}},"23":{"start":{"line":57,"column":9},"end":{"line":69,"column":3}},"24":{"start":{"line":59,"column":4},"end":{"line":68,"column":5}},"25":{"start":{"line":60,"column":6},"end":{"line":62,"column":7}},"26":{"start":{"line":63,"column":6},"end":{"line":63,"column":37}},"27":{"start":{"line":67,"column":6},"end":{"line":67,"column":37}},"28":{"start":{"line":70,"column":14},"end":{"line":70,"column":63}},"29":{"start":{"line":71,"column":2},"end":{"line":71,"column":12}},"30":{"start":{"line":74,"column":25},"end":{"line":85,"column":1}},"31":{"start":{"line":75,"column":27},"end":{"line":75,"column":101}},"32":{"start":{"line":75,"column":53},"end":{"line":75,"column":100}},"33":{"start":{"line":76,"column":2},"end":{"line":84,"column":44}},"34":{"start":{"line":77,"column":33},"end":{"line":77,"column":37}},"35":{"start":{"line":78,"column":21},"end":{"line":78,"column":111}},"36":{"start":{"line":79,"column":17},"end":{"line":79,"column":107}},"37":{"start":{"line":80,"column":4},"end":{"line":83,"column":5}},"38":{"start":{"line":96,"column":21},"end":{"line":106,"column":1}},"39":{"start":{"line":97,"column":2},"end":{"line":105,"column":4}},"40":{"start":{"line":98,"column":4},"end":{"line":104,"column":33}},"41":{"start":{"line":99,"column":24},"end":{"line":99,"column":79}},"42":{"start":{"line":100,"column":6},"end":{"line":100,"column":32}},"43":{"start":{"line":101,"column":6},"end":{"line":101,"column":76}},"44":{"start":{"line":102,"column":6},"end":{"line":102,"column":64}},"45":{"start":{"line":103,"column":6},"end":{"line":103,"column":17}},"46":{"start":{"line":113,"column":14},"end":{"line":116,"column":4}},"47":{"start":{"line":117,"column":15},"end":{"line":117,"column":17}},"48":{"start":{"line":118,"column":2},"end":{"line":142,"column":4}},"49":{"start":{"line":120,"column":20},"end":{"line":120,"column":39}},"50":{"start":{"line":121,"column":28},"end":{"line":121,"column":61}},"51":{"start":{"line":122,"column":6},"end":{"line":122,"column":36}},"52":{"start":{"line":125,"column":20},"end":{"line":125,"column":39}},"53":{"start":{"line":126,"column":28},"end":{"line":126,"column":61}},"54":{"start":{"line":127,"column":22},"end":{"line":127,"column":65}},"55":{"start":{"line":128,"column":6},"end":{"line":128,"column":35}},"56":{"start":{"line":131,"column":20},"end":{"line":131,"column":39}},"57":{"start":{"line":132,"column":28},"end":{"line":132,"column":61}},"58":{"start":{"line":133,"column":22},"end":{"line":133,"column":65}},"59":{"start":{"line":134,"column":6},"end":{"line":134,"column":35}},"60":{"start":{"line":137,"column":20},"end":{"line":137,"column":39}},"61":{"start":{"line":138,"column":28},"end":{"line":138,"column":61}},"62":{"start":{"line":139,"column":22},"end":{"line":139,"column":65}},"63":{"start":{"line":140,"column":6},"end":{"line":140,"column":35}},"64":{"start":{"line":144,"column":24},"end":{"line":144,"column":42}},"65":{"start":{"line":146,"column":24},"end":{"line":146,"column":26}},"66":{"start":{"line":147,"column":2},"end":{"line":184,"column":4}},"67":{"start":{"line":149,"column":19},"end":{"line":149,"column":35}},"68":{"start":{"line":150,"column":30},"end":{"line":150,"column":39}},"69":{"start":{"line":154,"column":23},"end":{"line":154,"column":144}},"70":{"start":{"line":155,"column":27},"end":{"line":155,"column":76}},"71":{"start":{"line":157,"column":23},"end":{"line":157,"column":28}},"72":{"start":{"line":158,"column":6},"end":{"line":168,"column":7}},"73":{"start":{"line":159,"column":8},"end":{"line":167,"column":9}},"74":{"start":{"line":166,"column":12},"end":{"line":166,"column":29}},"75":{"start":{"line":170,"column":6},"end":{"line":182,"column":7}},"76":{"start":{"line":171,"column":24},"end":{"line":171,"column":67}},"77":{"start":{"line":172,"column":29},"end":{"line":172,"column":51}},"78":{"start":{"line":173,"column":8},"end":{"line":180,"column":9}},"79":{"start":{"line":174,"column":10},"end":{"line":174,"column":16}},"80":{"start":{"line":175,"column":15},"end":{"line":180,"column":9}},"81":{"start":{"line":176,"column":26},"end":{"line":176,"column":49}},"82":{"start":{"line":177,"column":10},"end":{"line":179,"column":11}},"83":{"start":{"line":178,"column":12},"end":{"line":178,"column":18}},"84":{"start":{"line":181,"column":8},"end":{"line":181,"column":32}},"85":{"start":{"line":185,"column":2},"end":{"line":185,"column":22}},"86":{"start":{"line":199,"column":0},"end":{"line":203,"column":1}}},"fnMap":{"0":{"name":"(anonymous_0)","decl":{"start":{"line":47,"column":13},"end":{"line":47,"column":14}},"loc":{"start":{"line":47,"column":24},"end":{"line":47,"column":93}},"line":47},"1":{"name":"(anonymous_1)","decl":{"start":{"line":47,"column":37},"end":{"line":47,"column":38}},"loc":{"start":{"line":47,"column":53},"end":{"line":47,"column":88}},"line":47},"2":{"name":"(anonymous_2)","decl":{"start":{"line":49,"column":24},"end":{"line":49,"column":25}},"loc":{"start":{"line":49,"column":41},"end":{"line":72,"column":1}},"line":49},"3":{"name":"(anonymous_3)","decl":{"start":{"line":74,"column":25},"end":{"line":74,"column":26}},"loc":{"start":{"line":74,"column":46},"end":{"line":85,"column":1}},"line":74},"4":{"name":"(anonymous_4)","decl":{"start":{"line":75,"column":27},"end":{"line":75,"column":28}},"loc":{"start":{"line":75,"column":53},"end":{"line":75,"column":100}},"line":75},"5":{"name":"(anonymous_5)","decl":{"start":{"line":76,"column":23},"end":{"line":76,"column":24}},"loc":{"start":{"line":76,"column":39},"end":{"line":84,"column":3}},"line":76},"6":{"name":"(anonymous_6)","decl":{"start":{"line":96,"column":21},"end":{"line":96,"column":22}},"loc":{"start":{"line":96,"column":31},"end":{"line":106,"column":1}},"line":96},"7":{"name":"(anonymous_7)","decl":{"start":{"line":97,"column":19},"end":{"line":97,"column":20}},"loc":{"start":{"line":97,"column":35},"end":{"line":105,"column":3}},"line":97},"8":{"name":"(anonymous_8)","decl":{"start":{"line":98,"column":37},"end":{"line":98,"column":38}},"loc":{"start":{"line":98,"column":52},"end":{"line":104,"column":5}},"line":98},"9":{"name":"findUndefinedVarible","decl":{"start":{"line":108,"column":9},"end":{"line":108,"column":29}},"loc":{"start":{"line":112,"column":8},"end":{"line":186,"column":1}},"line":112}},"branchMap":{"0":{"loc":{"start":{"line":51,"column":2},"end":{"line":69,"column":3}},"type":"if","locations":[{"start":{"line":51,"column":2},"end":{"line":69,"column":3}},{"start":{"line":51,"column":2},"end":{"line":69,"column":3}}],"line":51},"1":{"loc":{"start":{"line":51,"column":6},"end":{"line":51,"column":28}},"type":"binary-expr","locations":[{"start":{"line":51,"column":6},"end":{"line":51,"column":12}},{"start":{"line":51,"column":16},"end":{"line":51,"column":28}}],"line":51},"2":{"loc":{"start":{"line":53,"column":9},"end":{"line":69,"column":3}},"type":"if","locations":[{"start":{"line":53,"column":9},"end":{"line":69,"column":3}},{"start":{"line":53,"column":9},"end":{"line":69,"column":3}}],"line":53},"3":{"loc":{"start":{"line":55,"column":9},"end":{"line":69,"column":3}},"type":"if","locations":[{"start":{"line":55,"column":9},"end":{"line":69,"column":3}},{"start":{"line":55,"column":9},"end":{"line":69,"column":3}}],"line":55},"4":{"loc":{"start":{"line":57,"column":9},"end":{"line":69,"column":3}},"type":"if","locations":[{"start":{"line":57,"column":9},"end":{"line":69,"column":3}},{"start":{"line":57,"column":9},"end":{"line":69,"column":3}}],"line":57},"5":{"loc":{"start":{"line":59,"column":4},"end":{"line":68,"column":5}},"type":"if","locations":[{"start":{"line":59,"column":4},"end":{"line":68,"column":5}},{"start":{"line":59,"column":4},"end":{"line":68,"column":5}}],"line":59},"6":{"loc":{"start":{"line":78,"column":21},"end":{"line":78,"column":111}},"type":"cond-expr","locations":[{"start":{"line":78,"column":51},"end":{"line":78,"column":106}},{"start":{"line":78,"column":109},"end":{"line":78,"column":111}}],"line":78},"7":{"loc":{"start":{"line":79,"column":17},"end":{"line":79,"column":107}},"type":"cond-expr","locations":[{"start":{"line":79,"column":47},"end":{"line":79,"column":102}},{"start":{"line":79,"column":105},"end":{"line":79,"column":107}}],"line":79},"8":{"loc":{"start":{"line":99,"column":24},"end":{"line":99,"column":79}},"type":"cond-expr","locations":[{"start":{"line":99,"column":42},"end":{"line":99,"column":45}},{"start":{"line":99,"column":48},"end":{"line":99,"column":79}}],"line":99},"9":{"loc":{"start":{"line":108,"column":37},"end":{"line":112,"column":6}},"type":"default-arg","locations":[{"start":{"line":112,"column":4},"end":{"line":112,"column":6}}],"line":108},"10":{"loc":{"start":{"line":109,"column":2},"end":{"line":109,"column":27}},"type":"default-arg","locations":[{"start":{"line":109,"column":13},"end":{"line":109,"column":27}}],"line":109},"11":{"loc":{"start":{"line":110,"column":2},"end":{"line":110,"column":34}},"type":"default-arg","locations":[{"start":{"line":110,"column":15},"end":{"line":110,"column":34}}],"line":110},"12":{"loc":{"start":{"line":111,"column":2},"end":{"line":111,"column":27}},"type":"default-arg","locations":[{"start":{"line":111,"column":12},"end":{"line":111,"column":27}}],"line":111},"13":{"loc":{"start":{"line":158,"column":6},"end":{"line":168,"column":7}},"type":"if","locations":[{"start":{"line":158,"column":6},"end":{"line":168,"column":7}},{"start":{"line":158,"column":6},"end":{"line":168,"column":7}}],"line":158},"14":{"loc":{"start":{"line":159,"column":8},"end":{"line":167,"column":9}},"type":"if","locations":[{"start":{"line":159,"column":8},"end":{"line":167,"column":9}},{"start":{"line":159,"column":8},"end":{"line":167,"column":9}}],"line":159},"15":{"loc":{"start":{"line":161,"column":10},"end":{"line":165,"column":72}},"type":"binary-expr","locations":[{"start":{"line":161,"column":10},"end":{"line":161,"column":49}},{"start":{"line":161,"column":53},"end":{"line":161,"column":72}},{"start":{"line":163,"column":10},"end":{"line":163,"column":45}},{"start":{"line":163,"column":49},"end":{"line":163,"column":69}},{"start":{"line":163,"column":73},"end":{"line":163,"column":123}},{"start":{"line":165,"column":10},"end":{"line":165,"column":47}},{"start":{"line":165,"column":51},"end":{"line":165,"column":72}}],"line":161},"16":{"loc":{"start":{"line":170,"column":6},"end":{"line":182,"column":7}},"type":"if","locations":[{"start":{"line":170,"column":6},"end":{"line":182,"column":7}},{"start":{"line":170,"column":6},"end":{"line":182,"column":7}}],"line":170},"17":{"loc":{"start":{"line":170,"column":10},"end":{"line":170,"column":36}},"type":"binary-expr","locations":[{"start":{"line":170,"column":10},"end":{"line":170,"column":22}},{"start":{"line":170,"column":26},"end":{"line":170,"column":36}}],"line":170},"18":{"loc":{"start":{"line":173,"column":8},"end":{"line":180,"column":9}},"type":"if","locations":[{"start":{"line":173,"column":8},"end":{"line":180,"column":9}},{"start":{"line":173,"column":8},"end":{"line":180,"column":9}}],"line":173},"19":{"loc":{"start":{"line":175,"column":15},"end":{"line":180,"column":9}},"type":"if","locations":[{"start":{"line":175,"column":15},"end":{"line":180,"column":9}},{"start":{"line":175,"column":15},"end":{"line":180,"column":9}}],"line":175},"20":{"loc":{"start":{"line":177,"column":10},"end":{"line":179,"column":11}},"type":"if","locations":[{"start":{"line":177,"column":10},"end":{"line":179,"column":11}},{"start":{"line":177,"column":10},"end":{"line":179,"column":11}}],"line":177}},"s":{"0":1,"1":1,"2":1,"3":1,"4":1,"5":1,"6":1,"7":1,"8":1,"9":1,"10":1,"11":1,"12":1,"13":59,"14":1284,"15":1,"16":134,"17":134,"18":0,"19":134,"20":73,"21":61,"22":47,"23":14,"24":5,"25":2,"26":2,"27":3,"28":61,"29":61,"30":1,"31":59,"32":56,"33":59,"34":56,"35":56,"36":56,"37":56,"38":1,"39":44,"40":56,"41":71,"42":71,"43":71,"44":71,"45":71,"46":44,"47":44,"48":44,"49":44,"50":44,"51":44,"52":10,"53":10,"54":10,"55":10,"56":2,"57":2,"58":2,"59":2,"60":3,"61":3,"62":3,"63":3,"64":44,"65":44,"66":44,"67":154,"68":154,"69":154,"70":154,"71":154,"72":154,"73":75,"74":17,"75":154,"76":58,"77":58,"78":58,"79":18,"80":40,"81":22,"82":22,"83":20,"84":20,"85":44,"86":1},"f":{"0":59,"1":1284,"2":134,"3":59,"4":56,"5":56,"6":44,"7":56,"8":71,"9":44},"b":{"0":[0,134],"1":[134,134],"2":[73,61],"3":[47,14],"4":[5,9],"5":[2,3],"6":[10,46],"7":[46,10],"8":[56,15],"9":[38],"10":[39],"11":[44],"12":[43],"13":[75,79],"14":[17,58],"15":[75,36,72,19,9,67,20],"16":[58,96],"17":[154,113],"18":[18,40],"19":[22,18],"20":[20,2]},"_coverageSchema":"332fd63041d2c1bcb487cc26dd0d5f7d97098a6c","hash":"5e136324218141eeac2748e5705e18084571164c"}
}
