{"/Users/lihongji/study/babel-ast/src/undef1.js": {"path":"/Users/lihongji/study/babel-ast/src/undef1.js","statementMap":{"0":{"start":{"line":1,"column":14},"end":{"line":1,"column":38}},"1":{"start":{"line":2,"column":17},"end":{"line":2,"column":51}},"2":{"start":{"line":3,"column":45},"end":{"line":3,"column":64}},"3":{"start":{"line":4,"column":77},"end":{"line":4,"column":105}},"4":{"start":{"line":6,"column":24},"end":{"line":6,"column":44}},"5":{"start":{"line":7,"column":28},"end":{"line":7,"column":36}},"6":{"start":{"line":9,"column":25},"end":{"line":18,"column":1}},"7":{"start":{"line":10,"column":2},"end":{"line":12,"column":3}},"8":{"start":{"line":11,"column":4},"end":{"line":11,"column":13}},"9":{"start":{"line":13,"column":22},"end":{"line":15,"column":5}},"10":{"start":{"line":14,"column":4},"end":{"line":14,"column":120}},"11":{"start":{"line":17,"column":2},"end":{"line":17,"column":72}},"12":{"start":{"line":20,"column":20},"end":{"line":33,"column":1}},"13":{"start":{"line":21,"column":2},"end":{"line":31,"column":3}},"14":{"start":{"line":22,"column":4},"end":{"line":30,"column":5}},"15":{"start":{"line":29,"column":8},"end":{"line":29,"column":19}},"16":{"start":{"line":32,"column":2},"end":{"line":32,"column":14}},"17":{"start":{"line":40,"column":14},"end":{"line":43,"column":4}},"18":{"start":{"line":44,"column":24},"end":{"line":44,"column":26}},"19":{"start":{"line":45,"column":2},"end":{"line":63,"column":4}},"20":{"start":{"line":47,"column":19},"end":{"line":47,"column":35}},"21":{"start":{"line":48,"column":19},"end":{"line":48,"column":28}},"22":{"start":{"line":49,"column":23},"end":{"line":49,"column":27}},"23":{"start":{"line":50,"column":21},"end":{"line":50,"column":57}},"24":{"start":{"line":51,"column":27},"end":{"line":51,"column":48}},"25":{"start":{"line":53,"column":25},"end":{"line":53,"column":48}},"26":{"start":{"line":54,"column":6},"end":{"line":61,"column":7}},"27":{"start":{"line":55,"column":8},"end":{"line":60,"column":9}},"28":{"start":{"line":56,"column":27},"end":{"line":56,"column":88}},"29":{"start":{"line":57,"column":10},"end":{"line":59,"column":11}},"30":{"start":{"line":58,"column":12},"end":{"line":58,"column":36}},"31":{"start":{"line":64,"column":2},"end":{"line":64,"column":22}},"32":{"start":{"line":67,"column":0},"end":{"line":71,"column":1}},"33":{"start":{"line":74,"column":13},"end":{"line":101,"column":1}},"34":{"start":{"line":102,"column":14},"end":{"line":102,"column":97}},"35":{"start":{"line":103,"column":14},"end":{"line":103,"column":36}},"36":{"start":{"line":104,"column":14},"end":{"line":104,"column":25}},"37":{"start":{"line":106,"column":14},"end":{"line":106,"column":55}},"38":{"start":{"line":107,"column":14},"end":{"line":109,"column":4}}},"fnMap":{"0":{"name":"(anonymous_0)","decl":{"start":{"line":9,"column":25},"end":{"line":9,"column":26}},"loc":{"start":{"line":9,"column":49},"end":{"line":18,"column":1}},"line":9},"1":{"name":"(anonymous_1)","decl":{"start":{"line":13,"column":50},"end":{"line":13,"column":51}},"loc":{"start":{"line":13,"column":61},"end":{"line":15,"column":3}},"line":13},"2":{"name":"(anonymous_2)","decl":{"start":{"line":20,"column":20},"end":{"line":20,"column":21}},"loc":{"start":{"line":20,"column":36},"end":{"line":33,"column":1}},"line":20},"3":{"name":"undef","decl":{"start":{"line":35,"column":9},"end":{"line":35,"column":14}},"loc":{"start":{"line":39,"column":8},"end":{"line":65,"column":1}},"line":39}},"branchMap":{"0":{"loc":{"start":{"line":10,"column":2},"end":{"line":12,"column":3}},"type":"if","locations":[{"start":{"line":10,"column":2},"end":{"line":12,"column":3}},{"start":{"line":10,"column":2},"end":{"line":12,"column":3}}],"line":10},"1":{"loc":{"start":{"line":14,"column":11},"end":{"line":14,"column":120}},"type":"binary-expr","locations":[{"start":{"line":14,"column":11},"end":{"line":14,"column":46}},{"start":{"line":14,"column":50},"end":{"line":14,"column":85}},{"start":{"line":14,"column":89},"end":{"line":14,"column":120}}],"line":14},"2":{"loc":{"start":{"line":21,"column":2},"end":{"line":31,"column":3}},"type":"if","locations":[{"start":{"line":21,"column":2},"end":{"line":31,"column":3}},{"start":{"line":21,"column":2},"end":{"line":31,"column":3}}],"line":21},"3":{"loc":{"start":{"line":22,"column":4},"end":{"line":30,"column":5}},"type":"if","locations":[{"start":{"line":22,"column":4},"end":{"line":30,"column":5}},{"start":{"line":22,"column":4},"end":{"line":30,"column":5}}],"line":22},"4":{"loc":{"start":{"line":24,"column":6},"end":{"line":28,"column":68}},"type":"binary-expr","locations":[{"start":{"line":24,"column":6},"end":{"line":24,"column":45}},{"start":{"line":24,"column":49},"end":{"line":24,"column":68}},{"start":{"line":26,"column":6},"end":{"line":26,"column":41}},{"start":{"line":26,"column":45},"end":{"line":26,"column":65}},{"start":{"line":26,"column":69},"end":{"line":26,"column":119}},{"start":{"line":28,"column":6},"end":{"line":28,"column":43}},{"start":{"line":28,"column":47},"end":{"line":28,"column":68}}],"line":24},"5":{"loc":{"start":{"line":35,"column":21},"end":{"line":39,"column":6}},"type":"default-arg","locations":[{"start":{"line":39,"column":4},"end":{"line":39,"column":6}}],"line":35},"6":{"loc":{"start":{"line":36,"column":2},"end":{"line":36,"column":27}},"type":"default-arg","locations":[{"start":{"line":36,"column":13},"end":{"line":36,"column":27}}],"line":36},"7":{"loc":{"start":{"line":37,"column":2},"end":{"line":37,"column":34}},"type":"default-arg","locations":[{"start":{"line":37,"column":15},"end":{"line":37,"column":34}}],"line":37},"8":{"loc":{"start":{"line":38,"column":2},"end":{"line":38,"column":27}},"type":"default-arg","locations":[{"start":{"line":38,"column":12},"end":{"line":38,"column":27}}],"line":38},"9":{"loc":{"start":{"line":54,"column":6},"end":{"line":61,"column":7}},"type":"if","locations":[{"start":{"line":54,"column":6},"end":{"line":61,"column":7}},{"start":{"line":54,"column":6},"end":{"line":61,"column":7}}],"line":54},"10":{"loc":{"start":{"line":54,"column":10},"end":{"line":54,"column":36}},"type":"binary-expr","locations":[{"start":{"line":54,"column":10},"end":{"line":54,"column":22}},{"start":{"line":54,"column":26},"end":{"line":54,"column":36}}],"line":54},"11":{"loc":{"start":{"line":55,"column":8},"end":{"line":60,"column":9}},"type":"if","locations":[{"start":{"line":55,"column":8},"end":{"line":60,"column":9}},{"start":{"line":55,"column":8},"end":{"line":60,"column":9}}],"line":55},"12":{"loc":{"start":{"line":57,"column":10},"end":{"line":59,"column":11}},"type":"if","locations":[{"start":{"line":57,"column":10},"end":{"line":59,"column":11}},{"start":{"line":57,"column":10},"end":{"line":59,"column":11}}],"line":57}},"s":{"0":1,"1":1,"2":1,"3":1,"4":1,"5":1,"6":1,"7":117,"8":42,"9":75,"10":133,"11":75,"12":1,"13":154,"14":75,"15":17,"16":137,"17":44,"18":44,"19":44,"20":154,"21":154,"22":154,"23":154,"24":154,"25":154,"26":154,"27":58,"28":42,"29":42,"30":20,"31":44,"32":1,"33":1,"34":1,"35":1,"36":1,"37":1,"38":1},"f":{"0":117,"1":133,"2":154,"3":44},"b":{"0":[42,75],"1":[133,101,101],"2":[75,79],"3":[17,58],"4":[75,36,72,19,9,67,20],"5":[38],"6":[39],"7":[44],"8":[43],"9":[58,96],"10":[154,113],"11":[42,16],"12":[20,22]},"_coverageSchema":"332fd63041d2c1bcb487cc26dd0d5f7d97098a6c","hash":"e5ea4902ba1cb5491a43748d454611f1d7b21aff"}
,"/Users/lihongji/study/babel-ast/src/common/constant.js": {"path":"/Users/lihongji/study/babel-ast/src/common/constant.js","statementMap":{"0":{"start":{"line":1,"column":19},"end":{"line":18,"column":1}},"1":{"start":{"line":20,"column":23},"end":{"line":25,"column":1}},"2":{"start":{"line":27,"column":19},"end":{"line":27,"column":82}},"3":{"start":{"line":29,"column":34},"end":{"line":29,"column":58}},"4":{"start":{"line":31,"column":19},"end":{"line":35,"column":1}},"5":{"start":{"line":37,"column":23},"end":{"line":42,"column":1}},"6":{"start":{"line":44,"column":21},"end":{"line":44,"column":53}},"7":{"start":{"line":46,"column":0},"end":{"line":54,"column":1}}},"fnMap":{},"branchMap":{},"s":{"0":1,"1":1,"2":1,"3":1,"4":1,"5":1,"6":1,"7":1},"f":{},"b":{},"_coverageSchema":"332fd63041d2c1bcb487cc26dd0d5f7d97098a6c","hash":"d4403ecd37ea371e9b8a083f6be901a0b2b81e13"}
}
