TN:
SF:/Users/lihongji/study/babel-ast/src/common/constant.js
FNF:0
FNH:0
DA:1,2
DA:21,2
DA:23,2
DA:25,2
DA:31,2
DA:38,2
DA:39,2
DA:40,2
DA:42,2
LF:9
LH:9
BRF:0
BRH:0
end_of_record
TN:
SF:/Users/lihongji/study/babel-ast/src/projectMods/index.js
FN:13,(anonymous_0)
FN:22,(anonymous_1)
FN:26,(anonymous_2)
FN:34,(anonymous_3)
FN:46,(anonymous_4)
FN:52,fileMods
FNF:6
FNH:6
FNDA:1,(anonymous_0)
FNDA:10,(anonymous_1)
FNDA:8,(anonymous_2)
FNDA:10,(anonymous_3)
FNDA:1,(anonymous_4)
FNDA:8,fileMods
DA:1,1
DA:2,1
DA:3,1
DA:4,1
DA:5,1
DA:6,1
DA:8,1
DA:9,1
DA:10,1
DA:11,1
DA:13,1
DA:14,1
DA:15,0
DA:17,1
DA:18,1
DA:19,1
DA:22,1
DA:23,10
DA:26,1
DA:27,8
DA:28,8
DA:29,8
DA:31,1
DA:33,8
DA:34,8
DA:35,10
DA:46,1
DA:47,1
DA:48,1
DA:49,1
DA:53,8
DA:56,8
DA:57,8
DA:59,11
DA:60,11
DA:61,7
DA:64,11
DA:65,3
DA:69,8
DA:72,1
LF:40
LH:39
BRDA:13,0,0,1
BRDA:14,1,0,0
BRDA:14,1,1,1
BRDA:35,2,0,7
BRDA:35,2,1,3
BRDA:46,3,0,1
BRDA:52,4,0,8
BRDA:52,5,0,8
BRDA:52,6,0,8
BRDA:60,7,0,7
BRDA:60,7,1,4
BRDA:64,8,0,3
BRDA:64,8,1,8
BRDA:64,9,0,11
BRDA:64,9,1,4
BRF:15
BRH:14
end_of_record
TN:
SF:/Users/lihongji/study/babel-ast/src/undef/index.js
FN:6,(anonymous_0)
FN:10,(anonymous_1)
FN:17,(anonymous_2)
FN:32,undef
FNF:4
FNH:4
FNDA:117,(anonymous_0)
FNDA:133,(anonymous_1)
FNDA:154,(anonymous_2)
FNDA:44,undef
DA:1,1
DA:2,1
DA:3,1
DA:4,1
DA:6,1
DA:7,117
DA:8,42
DA:10,75
DA:11,133
DA:14,75
DA:17,1
DA:18,154
DA:19,75
DA:26,17
DA:29,137
DA:37,44
DA:41,44
DA:42,44
DA:44,154
DA:45,154
DA:46,154
DA:47,154
DA:48,154
DA:50,154
DA:51,154
DA:52,58
DA:53,42
DA:54,42
DA:55,20
DA:61,44
DA:64,1
LF:31
LH:31
BRDA:7,0,0,42
BRDA:7,0,1,75
BRDA:11,1,0,133
BRDA:11,1,1,101
BRDA:11,1,2,101
BRDA:18,2,0,75
BRDA:18,2,1,79
BRDA:19,3,0,17
BRDA:19,3,1,58
BRDA:21,4,0,75
BRDA:21,4,1,36
BRDA:21,4,2,72
BRDA:21,4,3,19
BRDA:21,4,4,9
BRDA:21,4,5,67
BRDA:21,4,6,20
BRDA:32,5,0,38
BRDA:33,6,0,39
BRDA:34,7,0,44
BRDA:35,8,0,43
BRDA:51,9,0,58
BRDA:51,9,1,96
BRDA:51,10,0,154
BRDA:51,10,1,113
BRDA:52,11,0,42
BRDA:52,11,1,16
BRDA:54,12,0,20
BRDA:54,12,1,22
BRF:28
BRH:28
end_of_record
