TN:
SF:/Users/lihongji/study/babel-ast/src/findUndefinedVarible.js
FN:34,(anonymous_0)
FN:34,(anonymous_1)
FN:36,(anonymous_2)
FN:61,(anonymous_3)
FN:62,(anonymous_4)
FN:63,(anonymous_5)
FN:83,(anonymous_6)
FN:84,(anonymous_7)
FN:85,(anonymous_8)
FN:95,findUndefinedVarible
FNF:10
FNH:10
FNDA:19,(anonymous_0)
FNDA:133,(anonymous_1)
FNDA:69,(anonymous_2)
FNDA:19,(anonymous_3)
FNDA:20,(anonymous_4)
FNDA:20,(anonymous_5)
FNDA:12,(anonymous_6)
FNDA:18,(anonymous_7)
FNDA:27,(anonymous_8)
FNDA:12,findUndefinedVarible
DA:1,1
DA:2,1
DA:3,1
DA:5,1
DA:6,1
DA:7,1
DA:9,1
DA:26,1
DA:32,1
DA:34,133
DA:36,1
DA:37,69
DA:38,69
DA:39,0
DA:40,69
DA:41,32
DA:42,37
DA:43,30
DA:44,7
DA:46,5
DA:47,2
DA:50,2
DA:54,3
DA:57,37
DA:58,37
DA:61,1
DA:62,20
DA:63,19
DA:64,20
DA:65,20
DA:66,20
DA:67,20
DA:83,1
DA:84,12
DA:85,18
DA:86,27
DA:87,27
DA:88,27
DA:89,27
DA:90,27
DA:98,12
DA:105,12
DA:106,12
DA:108,12
DA:109,12
DA:110,12
DA:113,4
DA:114,4
DA:115,4
DA:116,4
DA:119,2
DA:120,2
DA:121,2
DA:122,2
DA:125,1
DA:126,1
DA:127,1
DA:128,1
DA:132,12
DA:134,12
DA:135,12
DA:137,51
DA:138,51
DA:139,51
DA:140,11
DA:141,11
DA:143,51
DA:144,25
DA:145,25
DA:146,25
DA:147,4
DA:148,21
DA:149,9
DA:150,9
DA:151,7
DA:154,14
DA:158,12
DA:161,1
DA:163,1
DA:166,1
LF:80
LH:79
BRDA:38,0,0,0
BRDA:38,0,1,69
BRDA:38,1,0,69
BRDA:38,1,1,69
BRDA:40,2,0,32
BRDA:40,2,1,37
BRDA:42,3,0,30
BRDA:42,3,1,7
BRDA:44,4,0,5
BRDA:44,4,1,2
BRDA:46,5,0,2
BRDA:46,5,1,3
BRDA:65,6,0,4
BRDA:65,6,1,16
BRDA:66,7,0,16
BRDA:66,7,1,4
BRDA:86,8,0,18
BRDA:86,8,1,9
BRDA:95,9,0,12
BRDA:96,10,0,12
BRDA:139,11,0,11
BRDA:139,11,1,40
BRDA:143,12,0,25
BRDA:143,12,1,26
BRDA:143,13,0,51
BRDA:143,13,1,49
BRDA:146,14,0,4
BRDA:146,14,1,21
BRDA:148,15,0,9
BRDA:148,15,1,12
BRDA:150,16,0,7
BRDA:150,16,1,2
BRF:32
BRH:31
end_of_record
